<?xml version="1.0" encoding="UTF-8"?>
<testng-results ignored="0" total="1" passed="1" failed="0" skipped="0">
  <reporter-output>
  </reporter-output>
  <suite started-at="2025-08-30T16:11:46 IST" name="Default suite" finished-at="2025-08-30T16:12:21 IST" duration-ms="35414">
    <groups>
    </groups>
    <test started-at="2025-08-30T16:11:46 IST" name="Default test" finished-at="2025-08-30T16:12:21 IST" duration-ms="35414">
      <class name="tests.SigninTest">
        <test-method is-config="true" signature="setUp()[pri:0, instance:tests.SigninTest@1cf6d1be]" started-at="2025-08-30T16:11:46 IST" name="setUp" finished-at="2025-08-30T16:11:57 IST" duration-ms="11319" status="PASS">
          <reporter-output>
          </reporter-output>
        </test-method> <!-- setUp -->
        <test-method signature="signinTest()[pri:0, instance:tests.SigninTest@1cf6d1be]" started-at="2025-08-30T16:11:57 IST" name="signinTest" finished-at="2025-08-30T16:12:20 IST" duration-ms="23287" status="PASS">
          <reporter-output>
          </reporter-output>
        </test-method> <!-- signinTest -->
        <test-method is-config="true" signature="getResult(org.testng.ITestResult)[pri:0, instance:tests.SigninTest@1cf6d1be]" started-at="2025-08-30T16:12:20 IST" name="getResult" finished-at="2025-08-30T16:12:20 IST" duration-ms="12" status="PASS">
          <params>
            <param index="0">
              <value>
                <![CDATA[[TestResult name=signinTest status=SUCCESS method=SigninTest.signinTest()[pri:0, instance:tests.SigninTest@1cf6d1be] output={null}]]]>
              </value>
            </param>
          </params>
          <reporter-output>
          </reporter-output>
        </test-method> <!-- getResult -->
        <test-method is-config="true" signature="tearDown()[pri:0, instance:tests.SigninTest@1cf6d1be]" started-at="2025-08-30T16:12:20 IST" name="tearDown" finished-at="2025-08-30T16:12:21 IST" duration-ms="729" status="PASS">
          <reporter-output>
          </reporter-output>
        </test-method> <!-- tearDown -->
      </class> <!-- tests.SigninTest -->
    </test> <!-- Default test -->
  </suite> <!-- Default suite -->
</testng-results>
